<?xml version="1.0" encoding="UTF-8"?>
<!-- Generated by org.testng.reporters.JUnitReportReporter -->
<testsuite hostname="DESKTOP-RG6HM4D" failures="0" tests="10" name="org.example.AppTest" time="79.412" errors="0" timestamp="2023-04-24T16:35:54 IST" skipped="0">
  <testcase classname="org.example.AppTest" name="LoginVerification" time="17.433"/>
  <system-out/>
  <testcase classname="org.example.AppTest" name="InfoButton" time="11.028"/>
  <system-out/>
  <testcase classname="org.example.AppTest" name="ExploreButton" time="5.227"/>
  <system-out/>
  <testcase classname="org.example.AppTest" name="SearchButton" time="16.701"/>
  <system-out/>
  <testcase classname="org.example.AppTest" name="MessageButton" time="12.316"/>
  <system-out/>
  <testcase classname="org.example.AppTest" name="postButton" time="5.485"/>
  <system-out/>
  <testcase classname="org.example.AppTest" name="likComm" time="2.234"/>
  <system-out/>
  <testcase classname="org.example.AppTest" name="Comment" time="7.440"/>
  <system-out/>
  <testcase classname="org.example.AppTest" name="closeButton" time="0.215"/>
  <system-out/>
  <testcase classname="org.example.AppTest" name="more" time="1.333"/>
  <system-out/>
</testsuite> <!-- org.example.AppTest -->
